[debug] [2026-03-05T07:23:19.078Z] ----------------------------------------------------------------------
[debug] [2026-03-05T07:23:19.079Z] Command:       /usr/local/bin/node /Users/qairel/Degree/sem 4/last semester/Qairel'sfyp/spendly/node_modules/.bin/firebase deploy --only firestore:rules
[debug] [2026-03-05T07:23:19.080Z] CLI Version:   15.1.0
[debug] [2026-03-05T07:23:19.080Z] Platform:      darwin
[debug] [2026-03-05T07:23:19.080Z] Node Version:  v24.12.0
[debug] [2026-03-05T07:23:19.080Z] Time:          Thu Mar 05 2026 15:23:19 GMT+0800 (Malaysia Time)
[debug] [2026-03-05T07:23:19.080Z] ----------------------------------------------------------------------
[debug] 
[debug] [2026-03-05T07:23:19.081Z] >>> [apiv2][query] GET https://firebase-public.firebaseio.com/cli.json [none]
[error] 
[error] Error: No currently active project.
To run this command, you need to specify a project. You have two options:
- Run this command with --project <alias_or_project_id>.
- Set an active project by running firebase use --add, then rerun this command.
To list all the Firebase projects to which you have access, run firebase projects:list.
To learn about active projects for the CLI, visit https://firebase.google.com/docs/cli#project_aliases


[debug] [2026-03-05T07:23:27.028Z] ----------------------------------------------------------------------
[debug] [2026-03-05T07:23:27.030Z] Command:       /usr/local/bin/node /Users/qairel/Degree/sem 4/last semester/Qairel'sfyp/spendly/node_modules/.bin/firebase deploy --only firestore:rules --project spendly-68ea0
[debug] [2026-03-05T07:23:27.030Z] CLI Version:   15.1.0
[debug] [2026-03-05T07:23:27.030Z] Platform:      darwin
[debug] [2026-03-05T07:23:27.030Z] Node Version:  v24.12.0
[debug] [2026-03-05T07:23:27.030Z] Time:          Thu Mar 05 2026 15:23:27 GMT+0800 (Malaysia Time)
[debug] [2026-03-05T07:23:27.030Z] ----------------------------------------------------------------------
[debug] 
[debug] [2026-03-05T07:23:27.031Z] >>> [apiv2][query] GET https://firebase-public.firebaseio.com/cli.json [none]
[debug] [2026-03-05T07:23:27.747Z] > command requires scopes: ["email","openid","https://www.googleapis.com/auth/cloudplatformprojects.readonly","https://www.googleapis.com/auth/firebase","https://www.googleapis.com/auth/cloud-platform"]
[debug] [2026-03-05T07:23:27.747Z] > authorizing via signed-in user (qayyumqairel1811@gmail.com)
[debug] [2026-03-05T07:23:27.747Z] [iam] checking project spendly-68ea0 for permissions ["datastore.indexes.create","datastore.indexes.delete","datastore.indexes.list","datastore.indexes.update","firebase.projects.get"]
[debug] [2026-03-05T07:23:27.747Z] Checked if tokens are valid: false, expires at: 1768118336237
[debug] [2026-03-05T07:23:27.748Z] Checked if tokens are valid: false, expires at: 1768118336237
[debug] [2026-03-05T07:23:27.748Z] > refreshing access token with scopes: []
[debug] [2026-03-05T07:23:27.749Z] >>> [apiv2][query] POST https://www.googleapis.com/oauth2/v3/token [none]
[debug] [2026-03-05T07:23:27.749Z] >>> [apiv2][body] POST https://www.googleapis.com/oauth2/v3/token [omitted]
[debug] [2026-03-05T07:23:27.961Z] <<< [apiv2][status] POST https://www.googleapis.com/oauth2/v3/token 200
[debug] [2026-03-05T07:23:27.962Z] <<< [apiv2][body] POST https://www.googleapis.com/oauth2/v3/token [omitted]
[debug] [2026-03-05T07:23:27.977Z] >>> [apiv2][query] POST https://cloudresourcemanager.googleapis.com/v1/projects/spendly-68ea0:testIamPermissions [none]
[debug] [2026-03-05T07:23:27.977Z] >>> [apiv2][(partial)header] POST https://cloudresourcemanager.googleapis.com/v1/projects/spendly-68ea0:testIamPermissions x-goog-quota-user=projects/spendly-68ea0
[debug] [2026-03-05T07:23:27.977Z] >>> [apiv2][body] POST https://cloudresourcemanager.googleapis.com/v1/projects/spendly-68ea0:testIamPermissions {"permissions":["datastore.indexes.create","datastore.indexes.delete","datastore.indexes.list","datastore.indexes.update","firebase.projects.get"]}
[debug] [2026-03-05T07:23:28.331Z] <<< [apiv2][status] GET https://firebase-public.firebaseio.com/cli.json 200
[debug] [2026-03-05T07:23:28.331Z] <<< [apiv2][body] GET https://firebase-public.firebaseio.com/cli.json {"cloudBuildErrorAfter":1594252800000,"cloudBuildWarnAfter":1590019200000,"defaultNode10After":1594252800000,"minVersion":"3.0.5","node8DeploysDisabledAfter":1613390400000,"node8RuntimeDisabledAfter":1615809600000,"node8WarnAfter":1600128000000}
[debug] [2026-03-05T07:23:29.210Z] <<< [apiv2][status] POST https://cloudresourcemanager.googleapis.com/v1/projects/spendly-68ea0:testIamPermissions 200
[debug] [2026-03-05T07:23:29.211Z] <<< [apiv2][body] POST https://cloudresourcemanager.googleapis.com/v1/projects/spendly-68ea0:testIamPermissions {"permissions":["datastore.indexes.create","datastore.indexes.delete","datastore.indexes.list","datastore.indexes.update","firebase.projects.get"]}
[info] 
[info] === Deploying to 'spendly-68ea0'...
[info] 
[info] i  deploying firestore 
[info] i  firestore: ensuring required API firestore.googleapis.com is enabled... 
[debug] [2026-03-05T07:23:29.216Z] Checked if tokens are valid: true, expires at: 1772699006962
[debug] [2026-03-05T07:23:29.216Z] Checked if tokens are valid: true, expires at: 1772699006962
[debug] [2026-03-05T07:23:29.216Z] >>> [apiv2][query] GET https://serviceusage.googleapis.com/v1/projects/spendly-68ea0/services/firestore.googleapis.com [none]
[debug] [2026-03-05T07:23:29.216Z] >>> [apiv2][(partial)header] GET https://serviceusage.googleapis.com/v1/projects/spendly-68ea0/services/firestore.googleapis.com x-goog-quota-user=projects/spendly-68ea0
[debug] [2026-03-05T07:23:30.881Z] <<< [apiv2][status] GET https://serviceusage.googleapis.com/v1/projects/spendly-68ea0/services/firestore.googleapis.com 200
[debug] [2026-03-05T07:23:30.881Z] <<< [apiv2][body] GET https://serviceusage.googleapis.com/v1/projects/spendly-68ea0/services/firestore.googleapis.com [omitted]
[info] ✔  firestore: required API firestore.googleapis.com is enabled 
[info] i  firestore: ensuring required API firestore.googleapis.com is enabled... 
[debug] [2026-03-05T07:23:30.890Z] Checked if tokens are valid: true, expires at: 1772699006962
[debug] [2026-03-05T07:23:30.890Z] Checked if tokens are valid: true, expires at: 1772699006962
[debug] [2026-03-05T07:23:30.890Z] >>> [apiv2][query] GET https://firestore.googleapis.com/v1/projects/spendly-68ea0/databases/(default) [none]
[debug] [2026-03-05T07:23:32.475Z] <<< [apiv2][status] GET https://firestore.googleapis.com/v1/projects/spendly-68ea0/databases/(default) 200
[debug] [2026-03-05T07:23:32.476Z] <<< [apiv2][body] GET https://firestore.googleapis.com/v1/projects/spendly-68ea0/databases/(default) {"name":"projects/spendly-68ea0/databases/(default)","uid":"499b3014-a97a-4bba-ad49-0882b94965f0","createTime":"2025-12-21T06:11:44.937141Z","updateTime":"2025-12-21T06:11:44.937141Z","locationId":"nam5","type":"FIRESTORE_NATIVE","concurrencyMode":"PESSIMISTIC","versionRetentionPeriod":"3600s","earliestVersionTime":"2026-03-05T06:23:32.308771Z","appEngineIntegrationMode":"DISABLED","keyPrefix":"s","pointInTimeRecoveryEnablement":"POINT_IN_TIME_RECOVERY_DISABLED","deleteProtectionState":"DELETE_PROTECTION_DISABLED","databaseEdition":"STANDARD","freeTier":true,"realtimeUpdatesMode":"REALTIME_UPDATES_MODE_ENABLED","etag":"IKfx4YKdiJMDMOmp9oml5pID"}
[info] i  cloud.firestore: checking firestore.rules for compilation errors... 
[debug] [2026-03-05T07:23:32.478Z] Checked if tokens are valid: true, expires at: 1772699006962
[debug] [2026-03-05T07:23:32.478Z] Checked if tokens are valid: true, expires at: 1772699006962
[debug] [2026-03-05T07:23:32.478Z] >>> [apiv2][query] POST https://firebaserules.googleapis.com/v1/projects/spendly-68ea0:test [none]
[debug] [2026-03-05T07:23:32.478Z] >>> [apiv2][body] POST https://firebaserules.googleapis.com/v1/projects/spendly-68ea0:test [omitted]
[debug] [2026-03-05T07:23:33.888Z] <<< [apiv2][status] POST https://firebaserules.googleapis.com/v1/projects/spendly-68ea0:test 200
[debug] [2026-03-05T07:23:33.888Z] <<< [apiv2][body] POST https://firebaserules.googleapis.com/v1/projects/spendly-68ea0:test {}
[info] ✔  cloud.firestore: rules file firestore.rules compiled successfully 
[debug] [2026-03-05T07:23:33.890Z] Checked if tokens are valid: true, expires at: 1772699006962
[debug] [2026-03-05T07:23:33.890Z] Checked if tokens are valid: true, expires at: 1772699006962
[debug] [2026-03-05T07:23:33.891Z] >>> [apiv2][query] GET https://firebaserules.googleapis.com/v1/projects/spendly-68ea0/releases pageSize=10&pageToken=
[debug] [2026-03-05T07:23:34.174Z] <<< [apiv2][status] GET https://firebaserules.googleapis.com/v1/projects/spendly-68ea0/releases 200
[debug] [2026-03-05T07:23:34.174Z] <<< [apiv2][body] GET https://firebaserules.googleapis.com/v1/projects/spendly-68ea0/releases {"releases":[{"name":"projects/spendly-68ea0/releases/cloud.firestore","rulesetName":"projects/spendly-68ea0/rulesets/75f6b8ee-f962-4fe1-bd94-4804c1ea261f","createTime":"2025-12-21T06:11:50.465271Z","updateTime":"2026-03-05T07:05:31.156759Z"}]}
[debug] [2026-03-05T07:23:34.175Z] Checked if tokens are valid: true, expires at: 1772699006962
[debug] [2026-03-05T07:23:34.175Z] Checked if tokens are valid: true, expires at: 1772699006962
[debug] [2026-03-05T07:23:34.175Z] >>> [apiv2][query] GET https://firebaserules.googleapis.com/v1/projects/spendly-68ea0/rulesets/75f6b8ee-f962-4fe1-bd94-4804c1ea261f [none]
[debug] [2026-03-05T07:23:34.441Z] <<< [apiv2][status] GET https://firebaserules.googleapis.com/v1/projects/spendly-68ea0/rulesets/75f6b8ee-f962-4fe1-bd94-4804c1ea261f 200
[debug] [2026-03-05T07:23:34.442Z] <<< [apiv2][body] GET https://firebaserules.googleapis.com/v1/projects/spendly-68ea0/rulesets/75f6b8ee-f962-4fe1-bd94-4804c1ea261f [omitted]
[info] i  firestore: uploading rules firestore.rules... 
[debug] [2026-03-05T07:23:34.444Z] Checked if tokens are valid: true, expires at: 1772699006962
[debug] [2026-03-05T07:23:34.444Z] Checked if tokens are valid: true, expires at: 1772699006962
[debug] [2026-03-05T07:23:34.445Z] >>> [apiv2][query] POST https://firebaserules.googleapis.com/v1/projects/spendly-68ea0/rulesets [none]
[debug] [2026-03-05T07:23:34.445Z] >>> [apiv2][body] POST https://firebaserules.googleapis.com/v1/projects/spendly-68ea0/rulesets [omitted]
[debug] [2026-03-05T07:23:35.753Z] <<< [apiv2][status] POST https://firebaserules.googleapis.com/v1/projects/spendly-68ea0/rulesets 200
[debug] [2026-03-05T07:23:35.753Z] <<< [apiv2][body] POST https://firebaserules.googleapis.com/v1/projects/spendly-68ea0/rulesets {"name":"projects/spendly-68ea0/rulesets/c8af1100-9796-4515-98ef-3f009eb92fe5","source":{"files":[{"content":"rules_version = '2';\n\nservice cloud.firestore {\n  match /databases/{database}/documents {\n    // Temporary broad access for authenticated users to stop permission errors.\n    match /{document=**} {\n      allow read, write: if request.auth != null;\n    }\n  }\n}\n","name":"firestore.rules"}]},"createTime":"2026-03-05T07:23:35.595231Z","metadata":{"services":["cloud.firestore"]}}
[debug] [2026-03-05T07:23:35.753Z] [rules] created ruleset projects/spendly-68ea0/rulesets/c8af1100-9796-4515-98ef-3f009eb92fe5
[debug] [2026-03-05T07:23:35.754Z] [rules] releasing cloud.firestore/(default) with ruleset projects/spendly-68ea0/rulesets/c8af1100-9796-4515-98ef-3f009eb92fe5
[debug] [2026-03-05T07:23:35.755Z] Checked if tokens are valid: true, expires at: 1772699006962
[debug] [2026-03-05T07:23:35.755Z] Checked if tokens are valid: true, expires at: 1772699006962
[debug] [2026-03-05T07:23:35.756Z] >>> [apiv2][query] PATCH https://firebaserules.googleapis.com/v1/projects/spendly-68ea0/releases/cloud.firestore/(default) [none]
[debug] [2026-03-05T07:23:35.756Z] >>> [apiv2][body] PATCH https://firebaserules.googleapis.com/v1/projects/spendly-68ea0/releases/cloud.firestore/(default) {"release":{"name":"projects/spendly-68ea0/releases/cloud.firestore/(default)","rulesetName":"projects/spendly-68ea0/rulesets/c8af1100-9796-4515-98ef-3f009eb92fe5"}}
[debug] [2026-03-05T07:23:36.282Z] <<< [apiv2][status] PATCH https://firebaserules.googleapis.com/v1/projects/spendly-68ea0/releases/cloud.firestore/(default) 200
